<?xml version="1.0" encoding="UTF-8"?>
<!-- Generated by org.testng.reporters.JUnitReportReporter -->
<testsuite hostname="Munmun-PC" name="com.topcoder.Tests.DemandSideTests" tests="3" failures="0" timestamp="24 Apr 2015 12:11:38 GMT" time="47.538" errors="0">
  <testcase name="userLogin" time="14.604" classname="com.topcoder.Tests.DemandSideTests"/>
  <testcase name="verifyLoginPopup" time="6.661" classname="com.topcoder.Tests.DemandSideTests"/>
  <testcase name="createProject" time="26.273" classname="com.topcoder.Tests.DemandSideTests"/>
</testsuite> <!-- com.topcoder.Tests.DemandSideTests -->
