<?xml version="1.0" encoding="UTF-8"?>
<!-- Generated by org.testng.reporters.JUnitReportReporter -->
<testsuite hostname="Munmun-PC" name="com.topcoder.Tests.DemandSideTests" tests="3" failures="0" timestamp="30 Apr 2015 07:48:21 GMT" time="42.697" errors="0">
  <testcase name="verifyLoginPopup" time="6.997" classname="com.topcoder.Tests.DemandSideTests"/>
  <testcase name="userLogin" time="13.371" classname="com.topcoder.Tests.DemandSideTests"/>
  <testcase name="createProject" time="22.329" classname="com.topcoder.Tests.DemandSideTests"/>
</testsuite> <!-- com.topcoder.Tests.DemandSideTests -->
